The following modules were not unloaded:
  (Use "module --force purge" to unload all):

  1) Stages/2025

The following have been reloaded with a version change:
  1) sympy/1.13.3 => sympy/1.13.1

Traceback (most recent call last):
  File "/p/project1/training2529/marxen1/amm-risk-lab/python/ml/PLV/scripts/run_dist_gridsearch.py", line 212, in <module>
Traceback (most recent call last):
  File "/p/project1/training2529/marxen1/amm-risk-lab/python/ml/PLV/scripts/run_dist_gridsearch.py", line 212, in <module>
Traceback (most recent call last):
  File "/p/project1/training2529/marxen1/amm-risk-lab/python/ml/PLV/scripts/run_dist_gridsearch.py", line 212, in <module>
Traceback (most recent call last):
  File "/p/project1/training2529/marxen1/amm-risk-lab/python/ml/PLV/scripts/run_dist_gridsearch.py", line 212, in <module>
    main()
    main()
  File "/p/project1/training2529/marxen1/amm-risk-lab/python/ml/PLV/scripts/run_dist_gridsearch.py", line 44, in main
  File "/p/project1/training2529/marxen1/amm-risk-lab/python/ml/PLV/scripts/run_dist_gridsearch.py", line 44, in main
    main()
  File "/p/project1/training2529/marxen1/amm-risk-lab/python/ml/PLV/scripts/run_dist_gridsearch.py", line 44, in main
    main()
  File "/p/project1/training2529/marxen1/amm-risk-lab/python/ml/PLV/scripts/run_dist_gridsearch.py", line 44, in main
    print0(f"Number of pools in HDF5: {len(pool_addresses)}")
  File "/p/project1/training2529/marxen1/amm-risk-lab/python/utils/distributed_utils.py", line 44, in print0
    print0(f"Number of pools in HDF5: {len(pool_addresses)}")
  File "/p/project1/training2529/marxen1/amm-risk-lab/python/utils/distributed_utils.py", line 44, in print0
    print0(f"Number of pools in HDF5: {len(pool_addresses)}")
  File "/p/project1/training2529/marxen1/amm-risk-lab/python/utils/distributed_utils.py", line 44, in print0
    print0(f"Number of pools in HDF5: {len(pool_addresses)}")
  File "/p/project1/training2529/marxen1/amm-risk-lab/python/utils/distributed_utils.py", line 44, in print0
    if is_root_process():
       ^^^^^^^^^^^^^^^^^
  File "/p/project1/training2529/marxen1/amm-risk-lab/python/utils/distributed_utils.py", line 39, in is_root_process
    if is_root_process():
       ^^^^^^^^^^^^^^^^^
  File "/p/project1/training2529/marxen1/amm-risk-lab/python/utils/distributed_utils.py", line 39, in is_root_process
    if is_root_process():
       ^^^^^^^^^^^^^^^^^
  File "/p/project1/training2529/marxen1/amm-risk-lab/python/utils/distributed_utils.py", line 39, in is_root_process
    if is_root_process():
       ^^^^^^^^^^^^^^^^^
  File "/p/project1/training2529/marxen1/amm-risk-lab/python/utils/distributed_utils.py", line 39, in is_root_process
    return torch.distributed.get_rank() == 0
           ^^^^^^^^^^^^^^^^^^^^^^^^^^^^
  File "/p/software/default/stages/2025/software/PyTorch/2.5.1-gcccoreflexiblas-13.3.0-3.4.4/lib/python3.12/site-packages/torch/distributed/distributed_c10d.py", line 1997, in get_rank
    return torch.distributed.get_rank() == 0
           ^^^^^^^^^^^^^^^^^^^^^^^^^^^^
  File "/p/software/default/stages/2025/software/PyTorch/2.5.1-gcccoreflexiblas-13.3.0-3.4.4/lib/python3.12/site-packages/torch/distributed/distributed_c10d.py", line 1997, in get_rank
    return torch.distributed.get_rank() == 0
           ^^^^^^^^^^^^^^^^^^^^^^^^^^^^
  File "/p/software/default/stages/2025/software/PyTorch/2.5.1-gcccoreflexiblas-13.3.0-3.4.4/lib/python3.12/site-packages/torch/distributed/distributed_c10d.py", line 1997, in get_rank
    return torch.distributed.get_rank() == 0
           ^^^^^^^^^^^^^^^^^^^^^^^^^^^^
  File "/p/software/default/stages/2025/software/PyTorch/2.5.1-gcccoreflexiblas-13.3.0-3.4.4/lib/python3.12/site-packages/torch/distributed/distributed_c10d.py", line 1997, in get_rank
    default_pg = _get_default_group()
                 ^^^^^^^^^^^^^^^^^^^^
  File "/p/software/default/stages/2025/software/PyTorch/2.5.1-gcccoreflexiblas-13.3.0-3.4.4/lib/python3.12/site-packages/torch/distributed/distributed_c10d.py", line 1150, in _get_default_group
    default_pg = _get_default_group()
                 ^^^^^^^^^^^^^^^^^^^^
  File "/p/software/default/stages/2025/software/PyTorch/2.5.1-gcccoreflexiblas-13.3.0-3.4.4/lib/python3.12/site-packages/torch/distributed/distributed_c10d.py", line 1150, in _get_default_group
    default_pg = _get_default_group()
                 ^^^^^^^^^^^^^^^^^^^^
  File "/p/software/default/stages/2025/software/PyTorch/2.5.1-gcccoreflexiblas-13.3.0-3.4.4/lib/python3.12/site-packages/torch/distributed/distributed_c10d.py", line 1150, in _get_default_group
    default_pg = _get_default_group()
                 ^^^^^^^^^^^^^^^^^^^^
  File "/p/software/default/stages/2025/software/PyTorch/2.5.1-gcccoreflexiblas-13.3.0-3.4.4/lib/python3.12/site-packages/torch/distributed/distributed_c10d.py", line 1150, in _get_default_group
    raise ValueError(
ValueError: Default process group has not been initialized, please make sure to call init_process_group.
    raise ValueError(
ValueError: Default process group has not been initialized, please make sure to call init_process_group.
    raise ValueError(
ValueError: Default process group has not been initialized, please make sure to call init_process_group.
    raise ValueError(
ValueError: Default process group has not been initialized, please make sure to call init_process_group.
srun: error: jrc0417: tasks 0-3: Exited with exit code 1
